2021-04-30 11:33:22,362 - fission - DEBUG [JOB:1] - Starting SourceJob 1 with debug=False
2021-04-30 11:33:22,363 - fission - DEBUG [JOB:1] - Creating: /home/hafifi/Documents/Paderborn/marvelo-demo/example_networks/example_1/simulation//1
2021-04-30 11:33:22,364 - fission - DEBUG [JOB:1] - Creating: /home/hafifi/Documents/Paderborn/marvelo-demo/example_networks/example_1/simulation//fifo/1/
2021-04-30 11:33:22,364 - fission - DEBUG [JOB:2] - Starting MiddleJob 2 with debug=False
2021-04-30 11:33:22,364 - fission - DEBUG [JOB:1] - Creating ingoing 0 Pipes.
2021-04-30 11:33:22,364 - fission - DEBUG [JOB:1] - Creating outgoing 1 Pipes
2021-04-30 11:33:22,365 - fission - DEBUG [JOB:1] - Created pipe /home/hafifi/Documents/Paderborn/marvelo-demo/example_networks/example_1/simulation//fifo/1/1.fifo (outgoing).
2021-04-30 11:33:22,365 - fission - DEBUG [JOB:1] - Created pipe /home/hafifi/Documents/Paderborn/marvelo-demo/example_networks/example_1/simulation//fifo/1.fifo (outgoing).
2021-04-30 11:33:22,365 - fission - DEBUG [JOB:1] - Starting WritePipe with /home/hafifi/Documents/Paderborn/marvelo-demo/example_networks/example_1/simulation//fifo/1.fifo, PicklePipe ID 1, <queue.Queue object at 0x7f2c0bd4bbd0>, False, wrapper_pipe=True
2021-04-30 11:33:22,365 - fission - DEBUG [JOB:3] - Starting CSVSinkJob 3 with debug=False
2021-04-30 11:33:22,365 - fission - DEBUG [JOB:3] - Creating: /home/hafifi/Documents/Paderborn/marvelo-demo/example_networks/example_1/simulation//3
2021-04-30 11:33:22,365 - fission.remote.synchronization - DEBUG [JOB:1] - Starting CommandServer on port: 1999
2021-04-30 11:33:22,365 - fission - DEBUG [JOB:3] - Creating: /home/hafifi/Documents/Paderborn/marvelo-demo/example_networks/example_1/simulation//fifo/3/
2021-04-30 11:33:22,364 - fission - DEBUG [JOB:2] - Creating: /home/hafifi/Documents/Paderborn/marvelo-demo/example_networks/example_1/simulation//2
2021-04-30 11:33:22,366 - fission - DEBUG [JOB:2] - Creating: /home/hafifi/Documents/Paderborn/marvelo-demo/example_networks/example_1/simulation//fifo/2/
2021-04-30 11:33:22,366 - fission - DEBUG [JOB:3] - Creating ingoing 1 Pipes.
2021-04-30 11:33:22,367 - fission - DEBUG [JOB:3] - Created pipe /home/hafifi/Documents/Paderborn/marvelo-demo/example_networks/example_1/simulation//fifo/3/2.fifo (ingoing).
2021-04-30 11:33:22,367 - fission - DEBUG [JOB:3] - Created pipe /home/hafifi/Documents/Paderborn/marvelo-demo/example_networks/example_1/simulation//fifo/2.fifo (ingoing).
2021-04-30 11:33:22,367 - fission - DEBUG [JOB:2] - Creating ingoing 1 Pipes.
2021-04-30 11:33:22,367 - fission - DEBUG [JOB:2] - Created pipe /home/hafifi/Documents/Paderborn/marvelo-demo/example_networks/example_1/simulation//fifo/2/1.fifo (ingoing).
2021-04-30 11:33:22,367 - fission - DEBUG [JOB:3] - Creating outgoing 0 Pipes
2021-04-30 11:33:22,367 - fission - DEBUG [JOB:2] - Created pipe /home/hafifi/Documents/Paderborn/marvelo-demo/example_networks/example_1/simulation//fifo/1.fifo (ingoing).
2021-04-30 11:33:22,367 - fission.remote.synchronization - DEBUG [JOB:3] - Starting CommandServer on port: 1995
2021-04-30 11:33:22,367 - fission - DEBUG [JOB:2] - Creating outgoing 1 Pipes
2021-04-30 11:33:22,368 - fission - DEBUG [JOB:2] - Created pipe /home/hafifi/Documents/Paderborn/marvelo-demo/example_networks/example_1/simulation//fifo/2/2.fifo (outgoing).
2021-04-30 11:33:22,368 - fission - DEBUG [JOB:2] - Created pipe /home/hafifi/Documents/Paderborn/marvelo-demo/example_networks/example_1/simulation//fifo/2.fifo (outgoing).
2021-04-30 11:33:22,368 - fission - DEBUG [JOB:2] - Starting WritePipe with /home/hafifi/Documents/Paderborn/marvelo-demo/example_networks/example_1/simulation//fifo/2.fifo, PicklePipe ID 2, <queue.Queue object at 0x7f2c0bd561d0>, False, wrapper_pipe=True
2021-04-30 11:33:22,368 - fission - INFO [JOB:3] - @CSVSinkJob 3 starting 5 threads: static [WritePipe->(/home/hafifi/Documents/Paderborn/marvelo-demo/example_networks/example_1/simulation//fifo/3/2.fifo), SQN_Checker (sink), CommandServer->(1995), RedirectHandler] | in [ReadPipe->(/home/hafifi/Documents/Paderborn/marvelo-demo/example_networks/example_1/simulation//fifo/2.fifo)] | out []
2021-04-30 11:33:22,368 - fission.remote.synchronization - DEBUG [JOB:2] - Starting CommandServer on port: 1997
2021-04-30 11:33:22,368 - fission - DEBUG [JOB:3] - Starting thread ReadPipe->(/home/hafifi/Documents/Paderborn/marvelo-demo/example_networks/example_1/simulation//fifo/2.fifo)...
2021-04-30 11:33:22,368 - fission.remote.synchronization - DEBUG [JOB:3] - Opening ReadPipe on /home/hafifi/Documents/Paderborn/marvelo-demo/example_networks/example_1/simulation//fifo/2.fifo
2021-04-30 11:33:22,368 - fission - DEBUG [JOB:3] - Starting thread WritePipe->(/home/hafifi/Documents/Paderborn/marvelo-demo/example_networks/example_1/simulation//fifo/3/2.fifo)...
2021-04-30 11:33:22,369 - fission - INFO [JOB:2] - @MiddleJob 2 starting 7 threads: static [WritePipe->(/home/hafifi/Documents/Paderborn/marvelo-demo/example_networks/example_1/simulation//fifo/2/1.fifo), SQN_Checker (middle), SendBlock (middle), CommandServer->(1997), RedirectHandler] | in [ReadPipe->(/home/hafifi/Documents/Paderborn/marvelo-demo/example_networks/example_1/simulation//fifo/1.fifo)] | out [WritePipe->(/home/hafifi/Documents/Paderborn/marvelo-demo/example_networks/example_1/simulation//fifo/2.fifo)]
2021-04-30 11:33:22,369 - fission - DEBUG [JOB:2] - Starting thread ReadPipe->(/home/hafifi/Documents/Paderborn/marvelo-demo/example_networks/example_1/simulation//fifo/1.fifo)...
2021-04-30 11:33:22,366 - fission - INFO [JOB:1] - @SourceJob 1 starting 4 threads: static [SendBlock (source), CommandServer->(1999), RedirectHandler] | in [] | out [WritePipe->(/home/hafifi/Documents/Paderborn/marvelo-demo/example_networks/example_1/simulation//fifo/1.fifo)]
2021-04-30 11:33:22,369 - fission.remote.synchronization - DEBUG [JOB:3] - Opening WritePipe /home/hafifi/Documents/Paderborn/marvelo-demo/example_networks/example_1/simulation//fifo/3/2.fifo, wrapper_pipe = False
2021-04-30 11:33:22,369 - fission - DEBUG [JOB:3] - Starting thread SQN_Checker (sink)...
2021-04-30 11:33:22,369 - fission - DEBUG [JOB:1] - Starting thread SendBlock (source)...
2021-04-30 11:33:22,369 - fission.remote.synchronization - DEBUG [JOB:2] - Opening ReadPipe on /home/hafifi/Documents/Paderborn/marvelo-demo/example_networks/example_1/simulation//fifo/1.fifo
2021-04-30 11:33:22,369 - fission - DEBUG [JOB:2] - Starting thread WritePipe->(/home/hafifi/Documents/Paderborn/marvelo-demo/example_networks/example_1/simulation//fifo/2/1.fifo)...
2021-04-30 11:33:22,370 - fission.remote.synchronization - DEBUG [JOB:1] - SendBlock: Opening /home/hafifi/Documents/Paderborn/marvelo-demo/example_networks/example_1/simulation//fifo/1/1.fifo.
2021-04-30 11:33:22,370 - fission.remote.synchronization - DEBUG [JOB:2] - Opening WritePipe /home/hafifi/Documents/Paderborn/marvelo-demo/example_networks/example_1/simulation//fifo/2/1.fifo, wrapper_pipe = False
2021-04-30 11:33:22,370 - fission - DEBUG [JOB:2] - Starting thread SQN_Checker (middle)...
2021-04-30 11:33:22,370 - fission - DEBUG [JOB:1] - Starting thread CommandServer->(1999)...
2021-04-30 11:33:22,370 - fission - DEBUG [JOB:1] - Starting thread RedirectHandler...
2021-04-30 11:33:22,370 - fission - DEBUG [JOB:1] - Starting thread WritePipe->(/home/hafifi/Documents/Paderborn/marvelo-demo/example_networks/example_1/simulation//fifo/1.fifo)...
2021-04-30 11:33:22,371 - fission.remote.synchronization - DEBUG [JOB:1] - Opening WritePipe /home/hafifi/Documents/Paderborn/marvelo-demo/example_networks/example_1/simulation//fifo/1.fifo, wrapper_pipe = True
2021-04-30 11:33:22,371 - fission - DEBUG [JOB:1] - Executing SourceJob 1.
2021-04-30 11:33:22,371 - fission - DEBUG [JOB:3] - Starting thread CommandServer->(1995)...
2021-04-30 11:33:22,371 - fission - DEBUG [JOB:2] - Starting thread SendBlock (middle)...
2021-04-30 11:33:22,371 - fission - DEBUG [JOB:3] - Starting thread RedirectHandler...
2021-04-30 11:33:22,371 - fission.core.jobs - DEBUG [JOB:1] - SourceJob 1: in pipes: []
2021-04-30 11:33:22,372 - fission.remote.synchronization - DEBUG [JOB:2] - SendBlock: Opening /home/hafifi/Documents/Paderborn/marvelo-demo/example_networks/example_1/simulation//fifo/2/2.fifo.
2021-04-30 11:33:22,372 - fission.core.jobs - DEBUG [JOB:1] - SourceJob 1: out pipes: ['/home/hafifi/Documents/Paderborn/marvelo-demo/example_networks/example_1/simulation//fifo/1/1.fifo']
2021-04-30 11:33:22,372 - fission - DEBUG [JOB:2] - Starting thread CommandServer->(1997)...
2021-04-30 11:33:22,372 - fission - DEBUG [JOB:3] - Executing CSVSinkJob 3.
2021-04-30 11:33:22,372 - fission - DEBUG [JOB:2] - Starting thread RedirectHandler...
2021-04-30 11:33:22,372 - fission - DEBUG [JOB:2] - Starting thread WritePipe->(/home/hafifi/Documents/Paderborn/marvelo-demo/example_networks/example_1/simulation//fifo/2.fifo)...
2021-04-30 11:33:22,372 - fission.remote.synchronization - DEBUG [JOB:2] - Opening WritePipe /home/hafifi/Documents/Paderborn/marvelo-demo/example_networks/example_1/simulation//fifo/2.fifo, wrapper_pipe = True
2021-04-30 11:33:22,373 - fission - DEBUG [JOB:2] - Executing MiddleJob 2.
2021-04-30 11:33:22,374 - fission.core.jobs - DEBUG [JOB:2] - MiddleJob 2: in pipes: ['/home/hafifi/Documents/Paderborn/marvelo-demo/example_networks/example_1/simulation//fifo/2/1.fifo']
2021-04-30 11:33:22,374 - fission.core.jobs - DEBUG [JOB:2] - MiddleJob 2: out pipes: ['/home/hafifi/Documents/Paderborn/marvelo-demo/example_networks/example_1/simulation//fifo/2/2.fifo']
2021-04-30 11:33:22,373 - fission - DEBUG [JOB:3] - CSVSinkJob 3 waiting for finish event...
2021-04-30 11:33:22,374 - fission.core.jobs - DEBUG [JOB:3] - CSVSinkJob 3: in pipes: ['/home/hafifi/Documents/Paderborn/marvelo-demo/example_networks/example_1/simulation//fifo/3/2.fifo']
2021-04-30 11:33:22,374 - fission.core.jobs - DEBUG [JOB:3] - CSVSinkJob 3: out pipes: []
2021-04-30 11:33:22,375 - fission - DEBUG [JOB:2] - MiddleJob 2 waiting for finish event...
2021-04-30 12:53:45,939 - fission - DEBUG [JOB:1] - Starting SourceJob 1 with debug=False
2021-04-30 12:53:45,941 - fission - DEBUG [JOB:1] - Creating: /home/hafifi/Documents/Paderborn/marvelo-demo/example_networks/example_1/simulation//1
2021-04-30 12:53:45,941 - fission - DEBUG [JOB:1] - Creating: /home/hafifi/Documents/Paderborn/marvelo-demo/example_networks/example_1/simulation//fifo/1/
2021-04-30 12:53:45,942 - fission - DEBUG [JOB:1] - Creating ingoing 0 Pipes.
2021-04-30 12:53:45,942 - fission - DEBUG [JOB:1] - Creating outgoing 1 Pipes
2021-04-30 12:53:45,940 - fission - DEBUG [JOB:2] - Starting MiddleJob 2 with debug=False
2021-04-30 12:53:45,942 - fission - DEBUG [JOB:1] - Created pipe /home/hafifi/Documents/Paderborn/marvelo-demo/example_networks/example_1/simulation//fifo/1/1.fifo (outgoing).
2021-04-30 12:53:45,942 - fission - DEBUG [JOB:1] - Created pipe /home/hafifi/Documents/Paderborn/marvelo-demo/example_networks/example_1/simulation//fifo/1.fifo (outgoing).
2021-04-30 12:53:45,942 - fission - DEBUG [JOB:1] - Starting WritePipe with /home/hafifi/Documents/Paderborn/marvelo-demo/example_networks/example_1/simulation//fifo/1.fifo, PicklePipe ID 1, <queue.Queue object at 0x7fe89205b2d0>, False, wrapper_pipe=True
2021-04-30 12:53:45,942 - fission - DEBUG [JOB:3] - Starting CSVSinkJob 3 with debug=False
2021-04-30 12:53:45,942 - fission - DEBUG [JOB:3] - Creating: /home/hafifi/Documents/Paderborn/marvelo-demo/example_networks/example_1/simulation//3
2021-04-30 12:53:45,942 - fission - DEBUG [JOB:3] - Creating: /home/hafifi/Documents/Paderborn/marvelo-demo/example_networks/example_1/simulation//fifo/3/
2021-04-30 12:53:45,942 - fission.remote.synchronization - DEBUG [JOB:1] - Starting CommandServer on port: 1999
2021-04-30 12:53:45,943 - fission - DEBUG [JOB:3] - Creating ingoing 1 Pipes.
2021-04-30 12:53:45,943 - fission - DEBUG [JOB:3] - Created pipe /home/hafifi/Documents/Paderborn/marvelo-demo/example_networks/example_1/simulation//fifo/3/2.fifo (ingoing).
2021-04-30 12:53:45,943 - fission - DEBUG [JOB:3] - Created pipe /home/hafifi/Documents/Paderborn/marvelo-demo/example_networks/example_1/simulation//fifo/2.fifo (ingoing).
2021-04-30 12:53:45,943 - fission - DEBUG [JOB:3] - Creating outgoing 0 Pipes
2021-04-30 12:53:45,943 - fission.remote.synchronization - DEBUG [JOB:3] - Starting CommandServer on port: 1995
2021-04-30 12:53:45,942 - fission - DEBUG [JOB:2] - Creating: /home/hafifi/Documents/Paderborn/marvelo-demo/example_networks/example_1/simulation//2
2021-04-30 12:53:45,944 - fission - DEBUG [JOB:2] - Creating: /home/hafifi/Documents/Paderborn/marvelo-demo/example_networks/example_1/simulation//fifo/2/
2021-04-30 12:53:45,944 - fission - INFO [JOB:1] - @SourceJob 1 starting 4 threads: static [SendBlock (source), CommandServer->(1999), RedirectHandler] | in [] | out [WritePipe->(/home/hafifi/Documents/Paderborn/marvelo-demo/example_networks/example_1/simulation//fifo/1.fifo)]
2021-04-30 12:53:45,944 - fission - DEBUG [JOB:1] - Starting thread SendBlock (source)...
2021-04-30 12:53:45,944 - fission - DEBUG [JOB:2] - Creating ingoing 1 Pipes.
2021-04-30 12:53:45,944 - fission - DEBUG [JOB:2] - Created pipe /home/hafifi/Documents/Paderborn/marvelo-demo/example_networks/example_1/simulation//fifo/2/1.fifo (ingoing).
2021-04-30 12:53:45,944 - fission - DEBUG [JOB:2] - Created pipe /home/hafifi/Documents/Paderborn/marvelo-demo/example_networks/example_1/simulation//fifo/1.fifo (ingoing).
2021-04-30 12:53:45,944 - fission - INFO [JOB:3] - @CSVSinkJob 3 starting 5 threads: static [WritePipe->(/home/hafifi/Documents/Paderborn/marvelo-demo/example_networks/example_1/simulation//fifo/3/2.fifo), SQN_Checker (sink), CommandServer->(1995), RedirectHandler] | in [ReadPipe->(/home/hafifi/Documents/Paderborn/marvelo-demo/example_networks/example_1/simulation//fifo/2.fifo)] | out []
2021-04-30 12:53:45,944 - fission - DEBUG [JOB:3] - Starting thread ReadPipe->(/home/hafifi/Documents/Paderborn/marvelo-demo/example_networks/example_1/simulation//fifo/2.fifo)...
2021-04-30 12:53:45,944 - fission - DEBUG [JOB:2] - Creating outgoing 1 Pipes
2021-04-30 12:53:45,945 - fission - DEBUG [JOB:2] - Created pipe /home/hafifi/Documents/Paderborn/marvelo-demo/example_networks/example_1/simulation//fifo/2/2.fifo (outgoing).
2021-04-30 12:53:45,945 - fission - DEBUG [JOB:2] - Created pipe /home/hafifi/Documents/Paderborn/marvelo-demo/example_networks/example_1/simulation//fifo/2.fifo (outgoing).
2021-04-30 12:53:45,945 - fission - DEBUG [JOB:2] - Starting WritePipe with /home/hafifi/Documents/Paderborn/marvelo-demo/example_networks/example_1/simulation//fifo/2.fifo, PicklePipe ID 2, <queue.Queue object at 0x7fe892058890>, False, wrapper_pipe=True
2021-04-30 12:53:45,945 - fission.remote.synchronization - DEBUG [JOB:1] - SendBlock: Opening /home/hafifi/Documents/Paderborn/marvelo-demo/example_networks/example_1/simulation//fifo/1/1.fifo.
2021-04-30 12:53:45,945 - fission.remote.synchronization - DEBUG [JOB:3] - Opening ReadPipe on /home/hafifi/Documents/Paderborn/marvelo-demo/example_networks/example_1/simulation//fifo/2.fifo
2021-04-30 12:53:45,945 - fission - DEBUG [JOB:3] - Starting thread WritePipe->(/home/hafifi/Documents/Paderborn/marvelo-demo/example_networks/example_1/simulation//fifo/3/2.fifo)...
2021-04-30 12:53:45,945 - fission - DEBUG [JOB:1] - Starting thread CommandServer->(1999)...
2021-04-30 12:53:45,945 - fission.remote.synchronization - DEBUG [JOB:2] - Starting CommandServer on port: 1997
2021-04-30 12:53:45,945 - fission - DEBUG [JOB:1] - Starting thread RedirectHandler...
2021-04-30 12:53:45,945 - fission.remote.synchronization - DEBUG [JOB:3] - Opening WritePipe /home/hafifi/Documents/Paderborn/marvelo-demo/example_networks/example_1/simulation//fifo/3/2.fifo, wrapper_pipe = False
2021-04-30 12:53:45,946 - fission - DEBUG [JOB:1] - Starting thread WritePipe->(/home/hafifi/Documents/Paderborn/marvelo-demo/example_networks/example_1/simulation//fifo/1.fifo)...
2021-04-30 12:53:45,946 - fission - DEBUG [JOB:3] - Starting thread SQN_Checker (sink)...
2021-04-30 12:53:45,946 - fission.remote.synchronization - DEBUG [JOB:1] - Opening WritePipe /home/hafifi/Documents/Paderborn/marvelo-demo/example_networks/example_1/simulation//fifo/1.fifo, wrapper_pipe = True
2021-04-30 12:53:45,947 - fission - DEBUG [JOB:1] - Executing SourceJob 1.
2021-04-30 12:53:45,947 - fission - INFO [JOB:2] - @MiddleJob 2 starting 7 threads: static [WritePipe->(/home/hafifi/Documents/Paderborn/marvelo-demo/example_networks/example_1/simulation//fifo/2/1.fifo), SQN_Checker (middle), SendBlock (middle), CommandServer->(1997), RedirectHandler] | in [ReadPipe->(/home/hafifi/Documents/Paderborn/marvelo-demo/example_networks/example_1/simulation//fifo/1.fifo)] | out [WritePipe->(/home/hafifi/Documents/Paderborn/marvelo-demo/example_networks/example_1/simulation//fifo/2.fifo)]
2021-04-30 12:53:45,947 - fission.core.jobs - DEBUG [JOB:1] - SourceJob 1: in pipes: []
2021-04-30 12:53:45,947 - fission - DEBUG [JOB:2] - Starting thread ReadPipe->(/home/hafifi/Documents/Paderborn/marvelo-demo/example_networks/example_1/simulation//fifo/1.fifo)...
2021-04-30 12:53:45,947 - fission.core.jobs - DEBUG [JOB:1] - SourceJob 1: out pipes: ['/home/hafifi/Documents/Paderborn/marvelo-demo/example_networks/example_1/simulation//fifo/1/1.fifo']
2021-04-30 12:53:45,948 - fission - DEBUG [JOB:3] - Starting thread CommandServer->(1995)...
2021-04-30 12:53:45,948 - fission - DEBUG [JOB:3] - Starting thread RedirectHandler...
2021-04-30 12:53:45,948 - fission.remote.synchronization - DEBUG [JOB:2] - Opening ReadPipe on /home/hafifi/Documents/Paderborn/marvelo-demo/example_networks/example_1/simulation//fifo/1.fifo
2021-04-30 12:53:45,948 - fission - DEBUG [JOB:2] - Starting thread WritePipe->(/home/hafifi/Documents/Paderborn/marvelo-demo/example_networks/example_1/simulation//fifo/2/1.fifo)...
2021-04-30 12:53:45,949 - fission - DEBUG [JOB:3] - Executing CSVSinkJob 3.
2021-04-30 12:53:45,949 - fission.remote.synchronization - DEBUG [JOB:2] - Opening WritePipe /home/hafifi/Documents/Paderborn/marvelo-demo/example_networks/example_1/simulation//fifo/2/1.fifo, wrapper_pipe = False
2021-04-30 12:53:45,949 - fission - DEBUG [JOB:2] - Starting thread SQN_Checker (middle)...
2021-04-30 12:53:45,950 - fission.core.jobs - DEBUG [JOB:3] - CSVSinkJob 3: in pipes: ['/home/hafifi/Documents/Paderborn/marvelo-demo/example_networks/example_1/simulation//fifo/3/2.fifo']
2021-04-30 12:53:45,950 - fission - DEBUG [JOB:3] - CSVSinkJob 3 waiting for finish event...
2021-04-30 12:53:45,950 - fission.core.jobs - DEBUG [JOB:3] - CSVSinkJob 3: out pipes: []
2021-04-30 12:53:45,950 - fission - DEBUG [JOB:2] - Starting thread SendBlock (middle)...
2021-04-30 12:53:45,951 - fission.remote.synchronization - DEBUG [JOB:2] - SendBlock: Opening /home/hafifi/Documents/Paderborn/marvelo-demo/example_networks/example_1/simulation//fifo/2/2.fifo.
2021-04-30 12:53:45,951 - fission - DEBUG [JOB:2] - Starting thread CommandServer->(1997)...
2021-04-30 12:53:45,952 - fission - DEBUG [JOB:2] - Starting thread RedirectHandler...
2021-04-30 12:53:45,953 - fission - DEBUG [JOB:2] - Starting thread WritePipe->(/home/hafifi/Documents/Paderborn/marvelo-demo/example_networks/example_1/simulation//fifo/2.fifo)...
2021-04-30 12:53:45,954 - fission.remote.synchronization - DEBUG [JOB:2] - Opening WritePipe /home/hafifi/Documents/Paderborn/marvelo-demo/example_networks/example_1/simulation//fifo/2.fifo, wrapper_pipe = True
2021-04-30 12:53:45,954 - fission - DEBUG [JOB:2] - Executing MiddleJob 2.
2021-04-30 12:53:45,954 - fission - DEBUG [JOB:2] - MiddleJob 2 waiting for finish event...
2021-04-30 12:53:45,955 - fission.core.jobs - DEBUG [JOB:2] - MiddleJob 2: in pipes: ['/home/hafifi/Documents/Paderborn/marvelo-demo/example_networks/example_1/simulation//fifo/2/1.fifo']
2021-04-30 12:53:45,955 - fission.core.jobs - DEBUG [JOB:2] - MiddleJob 2: out pipes: ['/home/hafifi/Documents/Paderborn/marvelo-demo/example_networks/example_1/simulation//fifo/2/2.fifo']
2021-04-30 12:53:49,087 - fission - DEBUG [JOB:2] - SIGTERM received. Shutting down subprocess.
2021-04-30 12:53:49,087 - fission - DEBUG [JOB:3] - SIGTERM received. Shutting down subprocess.
2021-04-30 12:53:49,087 - fission.remote.synchronization - DEBUG [JOB:2] - Killing ReadPipe->(/home/hafifi/Documents/Paderborn/marvelo-demo/example_networks/example_1/simulation//fifo/1.fifo)...
2021-04-30 12:53:49,087 - fission.remote.synchronization - DEBUG [JOB:3] - Killing ReadPipe->(/home/hafifi/Documents/Paderborn/marvelo-demo/example_networks/example_1/simulation//fifo/2.fifo)...
2021-04-30 12:53:49,087 - fission.remote.synchronization - DEBUG [JOB:3] - Killing WritePipe->(/home/hafifi/Documents/Paderborn/marvelo-demo/example_networks/example_1/simulation//fifo/3/2.fifo)...
2021-04-30 12:53:49,087 - fission.remote.synchronization - DEBUG [JOB:3] - Killing CommandServer->(1995)...
2021-04-30 12:53:49,087 - fission.remote.synchronization - DEBUG [JOB:3] - Killing RedirectHandler...
2021-04-30 12:53:49,089 - fission.remote.synchronization - DEBUG [JOB:2] - Killing WritePipe->(/home/hafifi/Documents/Paderborn/marvelo-demo/example_networks/example_1/simulation//fifo/2/1.fifo)...
2021-04-30 12:53:49,091 - fission.remote.synchronization - DEBUG [JOB:2] - Killing SendBlock (middle)...
2021-04-30 12:53:49,091 - fission.remote.synchronization - DEBUG [JOB:2] - Killing CommandServer->(1997)...
2021-04-30 12:53:49,091 - fission.remote.synchronization - DEBUG [JOB:2] - Killing RedirectHandler...
2021-04-30 12:53:49,091 - fission.remote.synchronization - DEBUG [JOB:2] - Killing WritePipe->(/home/hafifi/Documents/Paderborn/marvelo-demo/example_networks/example_1/simulation//fifo/2.fifo)...
